Commit by Travis-CI (job 1.1 at 2018/12/20 03:26:17)
Commit by Travis-CI (job 2.1 at 2018_12_20)
Commit by Travis-CI (job 3.1 at 2018/12/20 04:19:18)
Commit by Travis-CI (job 5.1 at 2018/12/20 04:37:04)
Commit by Travis-CI (job 6.1 at 2018/12/20 11:10:04)
Commit by Travis-CI (job 7.1 at 2018/12/20 15:18:33)
Commit by Travis-CI (job 8.1 at 2018/12/20 19:12:09)
Commit by Travis-CI (job 9.1 at 2018/12/21 03:05:42)
Commit by Travis-CI (job 10.1 at 2018/12/21 03:49:59)
Commit by Travis-CI (job 11.1 at 2018/12/21 03:55:37)
Commit by Travis-CI (job 12.1 at 2018/12/21 04:37:53)
Commit by Travis-CI (job 13.1 at 2018/12/22 03:08:29)
Commit by Travis-CI (job 14.1 at 2018/12/23 03:08:43)
Commit by Travis-CI (job 15.1 at 2018/12/24 03:09:21)
Commit by Travis-CI (job 16.1 at 2018/12/24 14:25:17)
Commit by Travis-CI (job 17.1 at 2018/12/24 15:00:51)
Commit by Travis-CI (job 19.1 at 2018/12/24 15:05:48)
Commit by Travis-CI (job 21.1 at 2018/12/24 15:10:56)  [skip ci]
Commit by Travis-CI (job 23.1 at 2018/12/24 15:14:53)
Commit by Travis-CI (job 24.1 at 2018/12/24 15:49:44)
Commit by Travis-CI (job 25.1 at 2018/12/24 15:56:38)
Commit by Travis-CI (job 26.1 at 2018/12/24 16:03:49)
Commit by Travis-CI (job 27.1 at 2018/12/24 16:12:32)
Commit by Travis-CI (job 28.1 at 2018/12/25 03:07:23)
Commit by Travis-CI (job 29.1 at 2018/12/26 03:08:51)
Commit by Travis-CI (job 30.1 at 2018/12/26 14:14:28)
Commit by Travis-CI (job 31.1 at 2018/12/27 03:09:18)
Commit by Travis-CI (job 32.1 at 2018/12/27 12:28:31)
Commit by Travis-CI (job 33.1 at 2018/12/27 12:39:16)
Commit by Travis-CI (job 34.1 at 2018/12/27 12:42:51)
Commit by Travis-CI (job 35.1 at 2018/12/27 13:26:37)
Commit by Travis-CI (job 36.1 at 2018/12/28 03:11:17)
Commit by Travis-CI (job 37.1 at 2018/12/29 03:10:30)
Commit by Travis-CI (job 38.1 at 2018/12/30 03:11:09)
Commit by Travis-CI (job 39.1 at 2018/12/31 03:11:53)
Commit by Travis-CI (job 40.1 at 2019/01/01 03:11:39)
Commit by Travis-CI (job 41.1 at 2019/01/02 03:12:28)
Commit by Travis-CI (job 42.1 at 2019/01/03 03:12:45)
Commit by Travis-CI (job 43.1 at 2019/01/04 03:13:34)
Commit by Travis-CI (job 44.1 at 2019/01/05 03:13:42)
Commit by Travis-CI (job 45.1 at 2019/01/05 10:42:22)
Commit by Travis-CI (job 46.1 at 2019/01/05 10:49:13)
Commit by Travis-CI (job 47.1 at 2019/01/05 11:53:26)
Commit by Travis-CI (job 48.1 at 2019/01/05 11:59:19)
Commit by Travis-CI (job 49.1 at 2019/01/06 03:13:55)
Commit by Travis-CI (job 50.1 at 2019/01/06 05:17:30)
Commit by Travis-CI (job 51.1 at 2019/01/07 03:13:50)
Commit by Travis-CI (job 52.1 at 2019/01/08 03:19:51)
Commit by Travis-CI (job 53.1 at 2019/01/09 03:14:51)
Commit by Travis-CI (job 54.1 at 2019/01/10 03:15:08)
Commit by Travis-CI (job 55.1 at 2019/01/11 03:15:21)
Commit by Travis-CI (job 56.1 at 2019/01/11 20:06:04)
Commit by Travis-CI (job 57.1 at 2019/01/11 20:39:41)
Commit by Travis-CI (job 58.1 at 2019/01/12 03:16:23)
Commit by Travis-CI (job 59.1 at 2019/01/13 03:17:01)
Commit by Travis-CI (job 60.1 at 2019/01/14 03:17:06)
Commit by Travis-CI (job 61.1 at 2019/01/15 03:18:00)
Commit by Travis-CI (job 62.1 at 2019/01/16 03:18:21)
Commit by Travis-CI (job 63.1 at 2019/01/17 03:18:50)
Commit by Travis-CI (job 64.1 at 2019/01/18 03:18:56)
Commit by Travis-CI (job 65.1 at 2019/01/19 03:20:10)
Commit by Travis-CI (job 66.1 at 2019/01/20 03:19:58)
Commit by Travis-CI (job 67.1 at 2019/01/21 03:20:46)
Commit by Travis-CI (job 68.1 at 2019/01/22 03:20:50)
Commit by Travis-CI (job 69.1 at 2019/01/23 03:21:19)
Commit by Travis-CI (job 70.1 at 2019/01/24 03:22:08)
Commit by Travis-CI (job 71.1 at 2019/01/25 03:22:57)
Commit by Travis-CI (job 72.1 at 2019/01/26 03:22:51)
Commit by Travis-CI (job 73.1 at 2019/01/27 03:23:57)
Commit by Travis-CI (job 74.1 at 2019/01/28 03:24:21)
Commit by Travis-CI (job 75.1 at 2019/01/29 03:24:35)
Commit by Travis-CI (job 76.1 at 2019/01/30 03:26:10)
Commit by Travis-CI (job 77.1 at 2019/01/31 03:25:23)
Commit by Travis-CI (job 78.1 at 2019/02/01 03:25:43)
Commit by Travis-CI (job 79.1 at 2019/02/02 03:26:43)
Commit by Travis-CI (job 80.1 at 2019/02/03 03:26:50)
Commit by Travis-CI (job 81.1 at 2019/02/04 03:27:38)
Commit by Travis-CI (job 82.1 at 2019/02/05 03:28:09)
Commit by Travis-CI (job 83.1 at 2019/02/06 03:28:43)
Commit by Travis-CI (job 84.1 at 2019/02/07 03:29:50)
Commit by Travis-CI (job 85.1 at 2019/02/08 03:29:31)
Commit by Travis-CI (job 86.1 at 2019/02/09 03:29:36)
Commit by Travis-CI (job 87.1 at 2019/02/10 03:30:05)
Commit by Travis-CI (job 88.1 at 2019/02/11 03:31:11)
Commit by Travis-CI (job 89.1 at 2019/02/12 03:31:51)
Commit by Travis-CI (job 90.1 at 2019/02/13 03:32:08)
Commit by Travis-CI (job 91.1 at 2019/02/14 03:32:48)
Commit by Travis-CI (job 92.1 at 2019/02/15 03:33:26)
Commit by Travis-CI (job 93.1 at 2019/02/16 03:33:58)
Commit by Travis-CI (job 94.1 at 2019/02/17 03:34:03)
Commit by Travis-CI (job 95.1 at 2019/02/18 03:35:09)
Commit by Travis-CI (job 96.1 at 2019/02/19 03:36:26)
Commit by Travis-CI (job 97.1 at 2019/02/20 03:36:23)
Commit by Travis-CI (job 98.1 at 2019/02/21 03:37:45)
Commit by Travis-CI (job 99.1 at 2019/02/22 03:36:50)
Commit by Travis-CI (job 100.1 at 2019/02/23 03:37:31)
Commit by Travis-CI (job 101.1 at 2019/02/24 03:37:41)
Commit by Travis-CI (job 102.1 at 2019/02/25 03:38:39)
Commit by Travis-CI (job 103.1 at 2019/02/26 03:39:44)
Commit by Travis-CI (job 104.1 at 2019/02/27 03:40:28)
Commit by Travis-CI (job 105.1 at 2019/02/28 03:40:56)
Commit by Travis-CI (job 106.1 at 2019/03/01 03:41:22)
Commit by Travis-CI (job 107.1 at 2019/03/02 03:43:41)
Commit by Travis-CI (job 108.1 at 2019/03/03 03:43:08)
Commit by Travis-CI (job 109.1 at 2019/03/04 03:43:14)
Commit by Travis-CI (job 110.1 at 2019/03/05 03:43:50)
Commit by Travis-CI (job 111.1 at 2019/03/06 03:44:13)
Commit by Travis-CI (job 112.1 at 2019/03/07 03:44:04)
Commit by Travis-CI (job 113.1 at 2019/03/08 03:44:48)
Commit by Travis-CI (job 114.1 at 2019/03/09 03:45:34)
Commit by Travis-CI (job 115.1 at 2019/03/10 03:46:08)
Commit by Travis-CI (job 116.1 at 2019/03/11 03:46:39)
Commit by Travis-CI (job 117.1 at 2019/03/12 03:47:20)
Commit by Travis-CI (job 118.1 at 2019/03/13 03:49:22)
Commit by Travis-CI (job 119.1 at 2019/03/14 03:48:03)
Commit by Travis-CI (job 120.1 at 2019/03/15 03:48:41)
Commit by Travis-CI (job 121.1 at 2019/03/16 03:49:28)
job 215.1 at 2019/06/08 18:23:58
 2 files changed, 19 insertions(+), 19 deletions(-)
 4 files changed, 4 insertions(+), 4 deletions(-)
 4 files changed, 4 insertions(+), 4 deletions(-)
job 216.1 at 2019/06/09 04:29:56
 2 files changed, 16 insertions(+), 15 deletions(-)
 2 files changed, 2 insertions(+), 2 deletions(-)
 2 files changed, 2 insertions(+), 2 deletions(-)
job 217.1 at 2019/06/10 04:30:49
 2 files changed, 41 insertions(+), 38 deletions(-)
 4 files changed, 16 insertions(+), 12 deletions(-)
 4 files changed, 16 insertions(+), 12 deletions(-)
job 218.1 at 2019/06/11 04:31:59
 2 files changed, 37 insertions(+), 37 deletions(-)
 4 files changed, 4 insertions(+)
 4 files changed, 4 insertions(+)
job 219.1 at 2019/06/12 04:31:30
 2 files changed, 42 insertions(+), 42 deletions(-)
 2 files changed, 2 insertions(+), 2 deletions(-)
 2 files changed, 2 insertions(+), 2 deletions(-)
job 220.1 at 2019/06/13 04:31:36
 2 files changed, 34 insertions(+), 34 deletions(-)
 2 files changed, 2 insertions(+), 2 deletions(-)
 2 files changed, 2 insertions(+), 2 deletions(-)
job 221.1 at 2019/06/14 04:32:20
 2 files changed, 50 insertions(+), 46 deletions(-)
 4 files changed, 12 insertions(+), 4 deletions(-)
 4 files changed, 12 insertions(+), 4 deletions(-)
job 222.1 at 2019/06/15 04:40:43
 2 files changed, 45 insertions(+), 44 deletions(-)
 1 file changed, 1 insertion(+), 1 deletion(-)
 1 file changed, 1 insertion(+), 1 deletion(-)
job 223.1 at 2019/06/16 04:33:56
 2 files changed, 43 insertions(+), 42 deletions(-)
 4 files changed, 12 insertions(+), 12 deletions(-)
 4 files changed, 12 insertions(+), 12 deletions(-)
job 224.1 at 2019/06/17 04:34:07
 2 files changed, 50 insertions(+), 49 deletions(-)
 4 files changed, 10 insertions(+), 6 deletions(-)
 4 files changed, 10 insertions(+), 6 deletions(-)
job 225.1 at 2019/06/18 04:35:25
 2 files changed, 59 insertions(+), 59 deletions(-)
 4 files changed, 5 insertions(+), 5 deletions(-)
 4 files changed, 5 insertions(+), 5 deletions(-)
job 226.1 at 2019/06/19 04:35:39
 3 files changed, 3 insertions(+), 8468 deletions(-)
job 227.1 at 2019/06/20 04:39:29
 2 files changed, 2 insertions(+), 2 deletions(-)
job 228.1 at 2019/06/21 04:36:41
 2 files changed, 2 insertions(+), 2 deletions(-)
job 229.1 at 2019/06/22 04:37:48
 2 files changed, 2 insertions(+), 2 deletions(-)
job 230.1 at 2019/06/23 04:38:20
 2 files changed, 2 insertions(+), 2 deletions(-)
job 231.1 at 2019/06/23 17:00:15
 2 files changed, 2 insertions(+), 2 deletions(-)
job 232.1 at 2019/06/24 04:40:27
 2 files changed, 2 insertions(+), 2 deletions(-)
job 233.1 at 2019/06/25 04:39:35
 2 files changed, 2 insertions(+), 2 deletions(-)
job 234.1 at 2019/06/26 04:40:12
 2 files changed, 2 insertions(+), 2 deletions(-)
job 235.1 at 2019/06/27 04:40:32
 2 files changed, 2 insertions(+), 2 deletions(-)
job 236.1 at 2019/06/28 04:40:36
 2 files changed, 2 insertions(+), 2 deletions(-)
job 237.1 at 2019/06/29 04:41:17
 2 files changed, 2 insertions(+), 2 deletions(-)
job 238.1 at 2019/06/30 04:41:36
 2 files changed, 2 insertions(+), 2 deletions(-)
job 239.1 at 2019/07/01 04:42:32
 2 files changed, 2 insertions(+), 2 deletions(-)
job 240.1 at 2019/07/02 04:42:48
 2 files changed, 2 insertions(+), 2 deletions(-)
job 241.1 at 2019/07/03 04:43:41
 2 files changed, 2 insertions(+), 2 deletions(-)
job 242.1 at 2019/07/04 04:43:35
 2 files changed, 2 insertions(+), 2 deletions(-)
job 243.1 at 2019/07/04 20:27:06
job 244.1 at 2019/07/05 04:44:00
 1 file changed, 9 insertions(+), 7 deletions(-)
 2 files changed, 2 insertions(+), 2 deletions(-)
 2 files changed, 2 insertions(+), 2 deletions(-)
job 245.1 at 2019/07/06 04:44:27
 2 files changed, 41 insertions(+), 38 deletions(-)
 4 files changed, 10 insertions(+), 2 deletions(-)
 4 files changed, 10 insertions(+), 2 deletions(-)
